<?xml version="1.0" encoding="UTF-8"?>
<coverage generated="1709991861173" clover="3.2.0">
  <project timestamp="1709991861173" name="All files">
    <metrics statements="16" coveredstatements="11" conditionals="21" coveredconditionals="12" methods="1" coveredmethods="1" elements="38" coveredelements="24" complexity="0" loc="16" ncloc="16" packages="1" files="1" classes="1"/>
    <file name="index.ts" path="C:\Users\Ashra\Desktop\New folder (4)\2\src\index.ts">
      <metrics statements="16" coveredstatements="11" conditionals="21" coveredconditionals="12" methods="1" coveredmethods="1"/>
      <line num="16" count="1" type="stmt"/>
      <line num="21" count="7" type="stmt"/>
      <line num="22" count="7" type="stmt"/>
      <line num="24" count="7" type="cond" truecount="1" falsecount="0"/>
      <line num="29" count="1" type="stmt"/>
      <line num="32" count="6" type="cond" truecount="0" falsecount="1"/>
      <line num="36" count="0" type="stmt"/>
      <line num="39" count="6" type="cond" truecount="5" falsecount="8"/>
      <line num="42" count="1" type="stmt"/>
      <line num="45" count="0" type="stmt"/>
      <line num="48" count="3" type="stmt"/>
      <line num="51" count="2" type="stmt"/>
      <line num="54" count="0" type="stmt"/>
      <line num="57" count="0" type="stmt"/>
      <line num="59" count="0" type="stmt"/>
      <line num="63" count="1" type="stmt"/>
    </file>
  </project>
</coverage>
