{"C:\\Users\\Ashra\\Desktop\\New folder (4)\\2\\src\\index.ts": {"path":"C:\\Users\\Ashra\\Desktop\\New folder (4)\\2\\src\\index.ts","statementMap":{"0":{"start":{"line":16,"column":52},"end":{"line":61,"column":1}},"1":{"start":{"line":21,"column":24},"end":{"line":21,"column":42}},"2":{"start":{"line":22,"column":20},"end":{"line":22,"column":36}},"3":{"start":{"line":24,"column":2},"end":{"line":30,"column":null}},"4":{"start":{"line":29,"column":4},"end":{"line":29,"column":73}},"5":{"start":{"line":32,"column":2},"end":{"line":37,"column":null}},"6":{"start":{"line":36,"column":4},"end":{"line":36,"column":71}},"7":{"start":{"line":39,"column":2},"end":{"line":60,"column":null}},"8":{"start":{"line":42,"column":6},"end":{"line":42,"column":30}},"9":{"start":{"line":45,"column":6},"end":{"line":45,"column":31}},"10":{"start":{"line":48,"column":6},"end":{"line":48,"column":32}},"11":{"start":{"line":51,"column":6},"end":{"line":51,"column":31}},"12":{"start":{"line":54,"column":6},"end":{"line":54,"column":31}},"13":{"start":{"line":57,"column":6},"end":{"line":57,"column":33}},"14":{"start":{"line":59,"column":6},"end":{"line":59,"column":34}},"15":{"start":{"line":63,"column":9},"end":{"line":63,"column":27}}},"fnMap":{"0":{"name":"(anonymous_0)","decl":{"start":{"line":16,"column":52},"end":{"line":16,"column":null}},"loc":{"start":{"line":20,"column":31},"end":{"line":61,"column":1}}}},"branchMap":{"0":{"loc":{"start":{"line":24,"column":2},"end":{"line":30,"column":null}},"type":"if","locations":[{"start":{"line":24,"column":2},"end":{"line":30,"column":null}}]},"1":{"loc":{"start":{"line":25,"column":4},"end":{"line":27,"column":33}},"type":"binary-expr","locations":[{"start":{"line":25,"column":4},"end":{"line":25,"column":19}},{"start":{"line":26,"column":4},"end":{"line":26,"column":24}},{"start":{"line":27,"column":4},"end":{"line":27,"column":33}}]},"2":{"loc":{"start":{"line":32,"column":2},"end":{"line":37,"column":null}},"type":"if","locations":[{"start":{"line":32,"column":2},"end":{"line":37,"column":null}}]},"3":{"loc":{"start":{"line":33,"column":4},"end":{"line":34,"column":17}},"type":"binary-expr","locations":[{"start":{"line":33,"column":5},"end":{"line":33,"column":25}},{"start":{"line":33,"column":29},"end":{"line":33,"column":58}},{"start":{"line":34,"column":4},"end":{"line":34,"column":17}}]},"4":{"loc":{"start":{"line":39,"column":2},"end":{"line":60,"column":null}},"type":"switch","locations":[{"start":{"line":40,"column":4},"end":{"line":40,"column":13}},{"start":{"line":41,"column":4},"end":{"line":42,"column":30}},{"start":{"line":43,"column":4},"end":{"line":43,"column":13}},{"start":{"line":44,"column":4},"end":{"line":45,"column":31}},{"start":{"line":46,"column":4},"end":{"line":46,"column":13}},{"start":{"line":47,"column":4},"end":{"line":48,"column":32}},{"start":{"line":49,"column":4},"end":{"line":49,"column":13}},{"start":{"line":50,"column":4},"end":{"line":51,"column":31}},{"start":{"line":52,"column":4},"end":{"line":52,"column":13}},{"start":{"line":53,"column":4},"end":{"line":54,"column":31}},{"start":{"line":55,"column":4},"end":{"line":55,"column":15}},{"start":{"line":56,"column":4},"end":{"line":57,"column":33}},{"start":{"line":58,"column":4},"end":{"line":59,"column":34}}]}},"s":{"0":1,"1":7,"2":7,"3":7,"4":1,"5":6,"6":0,"7":6,"8":1,"9":0,"10":3,"11":2,"12":0,"13":0,"14":0,"15":1},"f":{"0":7},"b":{"0":[1],"1":[7,2,1],"2":[0],"3":[6,4,3],"4":[0,1,0,0,3,3,1,2,0,0,0,0,0]}}
}
