TN:
SF:src\index.ts
FN:16,(anonymous_0)
FNF:1
FNH:1
FNDA:7,(anonymous_0)
DA:16,1
DA:21,7
DA:22,7
DA:24,7
DA:29,1
DA:32,6
DA:36,0
DA:39,6
DA:42,1
DA:45,0
DA:48,3
DA:51,2
DA:54,0
DA:57,0
DA:59,0
DA:63,1
LF:16
LH:11
BRDA:24,0,0,1
BRDA:25,1,0,7
BRDA:25,1,1,2
BRDA:25,1,2,1
BRDA:32,2,0,0
BRDA:33,3,0,6
BRDA:33,3,1,4
BRDA:33,3,2,3
BRDA:39,4,0,0
BRDA:39,4,1,1
BRDA:39,4,2,0
BRDA:39,4,3,0
BRDA:39,4,4,3
BRDA:39,4,5,3
BRDA:39,4,6,1
BRDA:39,4,7,2
BRDA:39,4,8,0
BRDA:39,4,9,0
BRDA:39,4,10,0
BRDA:39,4,11,0
BRDA:39,4,12,0
BRF:21
BRH:12
end_of_record
